{"type":"server-started","port":57683,"host":"127.0.0.1","url_host":"localhost","url":"http://localhost:57683","screen_dir":"/home/maximus/MaxMascini.github.io/.superpowers/brainstorm/34926-1774645123/content","state_dir":"/home/maximus/MaxMascini.github.io/.superpowers/brainstorm/34926-1774645123/state"}
{"type":"screen-added","file":"/home/maximus/MaxMascini.github.io/.superpowers/brainstorm/34926-1774645123/content/vibe.html"}
{"source":"user-event","type":"click","text":"MAX MASCINI\n      CS RESEARCHER / NEUROSCIENCE / BACKPACKER\n      \n        ████████████░░░░ loading...\n      \n    \n    \n      A — Brutalist / Terminal\n      Raw, bold, monospace-heavy. Feels like a terminal. ASCII art fits naturally here. High contrast, almost aggressive.","choice":"brutalist","id":null,"timestamp":1774645268884}
{"source":"user-event","type":"click","text":"Portfolio — 2025\n      Max Mascini\n      \n      Human-AI interaction researcher at Dalhousie\n    \n    \n      B — Editorial / Magazine\n      Thin weights, wide spacing, serif accents. Like a high-end design magazine. Refined and intentional.","choice":"editorial","id":null,"timestamp":1774645270581}
{"source":"user-event","type":"click","text":"MAX MASCINI\n      [ AI RESEARCHER : NEUROSCIENCE : BACKPACKER ]\n      01001101 01000001 01011000\n    \n    \n      C — Glitch / Cyber\n      Scanlines, chromatic aberration, binary hints. Still dark and technical but with a cyberpunk edge. ASCII fits well here too.","choice":"glitch","id":null,"timestamp":1774645272154}
{"source":"user-event","type":"click","text":"maxmascini.github.io\n      Max Mascini\n      \n        🌲 Backpacker\n        🧠 Researcher\n      \n    \n    \n      D — Organic / Nature + Tech\n      Lean into the topo map aesthetic. Contour lines, terrain textures, warmth from the sage green. Earthy and techy at once.","choice":"organic","id":null,"timestamp":1774645273824}
{"source":"user-event","type":"click","text":"Portfolio — 2025\n      Max Mascini\n      \n      Human-AI interaction researcher at Dalhousie\n    \n    \n      B — Editorial / Magazine\n      Thin weights, wide spacing, serif accents. Like a high-end design magazine. Refined and intentional.","choice":"editorial","id":null,"timestamp":1774645279061}
{"source":"user-event","type":"click","text":"MAX MASCINI\n      CS RESEARCHER / NEUROSCIENCE / BACKPACKER\n      \n        ████████████░░░░ loading...\n      \n    \n    \n      A — Brutalist / Terminal\n      Raw, bold, monospace-heavy. Feels like a terminal. ASCII art fits naturally here. High contrast, almost aggressive.","choice":"brutalist","id":null,"timestamp":1774645281566}
{"source":"user-event","type":"click","text":"maxmascini.github.io\n      Max Mascini\n      \n        🌲 Backpacker\n        🧠 Researcher\n      \n    \n    \n      D — Organic / Nature + Tech\n      Lean into the topo map aesthetic. Contour lines, terrain textures, warmth from the sage green. Earthy and techy at once.","choice":"organic","id":null,"timestamp":1774645283783}
{"source":"user-event","type":"click","text":"MAX MASCINI\n      [ AI RESEARCHER : NEUROSCIENCE : BACKPACKER ]\n      01001101 01000001 01011000\n    \n    \n      C — Glitch / Cyber\n      Scanlines, chromatic aberration, binary hints. Still dark and technical but with a cyberpunk edge. ASCII fits well here too.","choice":"glitch","id":null,"timestamp":1774645321869}
{"source":"user-event","type":"click","text":"MAX MASCINI\n      CS RESEARCHER / NEUROSCIENCE / BACKPACKER\n      \n        ████████████░░░░ loading...\n      \n    \n    \n      A — Brutalist / Terminal\n      Raw, bold, monospace-heavy. Feels like a terminal. ASCII art fits naturally here. High contrast, almost aggressive.","choice":"brutalist","id":null,"timestamp":1774645326512}
{"source":"user-event","type":"click","text":"Portfolio — 2025\n      Max Mascini\n      \n      Human-AI interaction researcher at Dalhousie\n    \n    \n      B — Editorial / Magazine\n      Thin weights, wide spacing, serif accents. Like a high-end design magazine. Refined and intentional.","choice":"editorial","id":null,"timestamp":1774645333322}
{"source":"user-event","type":"click","text":"Portfolio — 2025\n      Max Mascini\n      \n      Human-AI interaction researcher at Dalhousie\n    \n    \n      B — Editorial / Magazine\n      Thin weights, wide spacing, serif accents. Like a high-end design magazine. Refined and intentional.","choice":"editorial","id":null,"timestamp":1774645342148}
{"source":"user-event","type":"click","text":"Portfolio — 2025\n      Max Mascini\n      \n      Human-AI interaction researcher at Dalhousie\n    \n    \n      B — Editorial / Magazine\n      Thin weights, wide spacing, serif accents. Like a high-end design magazine. Refined and intentional.","choice":"editorial","id":null,"timestamp":1774645342295}
{"source":"user-event","type":"click","text":"Portfolio — 2025\n      Max Mascini\n      \n      Human-AI interaction researcher at Dalhousie\n    \n    \n      B — Editorial / Magazine\n      Thin weights, wide spacing, serif accents. Like a high-end design magazine. Refined and intentional.","choice":"editorial","id":null,"timestamp":1774645535784}
{"type":"screen-added","file":"/home/maximus/MaxMascini.github.io/.superpowers/brainstorm/34926-1774645123/content/ascii-bg-theme.html"}
{"type":"screen-added","file":"/home/maximus/MaxMascini.github.io/.superpowers/brainstorm/34926-1774645123/content/mouse-reactivity.html"}
{"type":"screen-added","file":"/home/maximus/MaxMascini.github.io/.superpowers/brainstorm/34926-1774645123/content/topo-lines.html"}
{"type":"screen-added","file":"/home/maximus/MaxMascini.github.io/.superpowers/brainstorm/34926-1774645123/content/real-topo.html"}
{"type":"screen-added","file":"/home/maximus/MaxMascini.github.io/.superpowers/brainstorm/34926-1774645123/content/halifax-topo.html"}
{"type":"screen-added","file":"/home/maximus/MaxMascini.github.io/.superpowers/brainstorm/34926-1774645123/content/heading-font.html"}
{"type":"screen-added","file":"/home/maximus/MaxMascini.github.io/.superpowers/brainstorm/34926-1774645123/content/waiting.html"}
{"type":"screen-added","file":"/home/maximus/MaxMascini.github.io/.superpowers/brainstorm/34926-1774645123/content/halifax-topo-v2.html"}
{"type":"screen-added","file":"/home/maximus/MaxMascini.github.io/.superpowers/brainstorm/34926-1774645123/content/halifax-final.html"}
{"type":"server-stopped","reason":"idle timeout"}
